      231504   356452.00  5092952.00      388.80      394.60        2.42       -2.39       0.008          71
      505638   356477.00  5092891.00      388.68      394.70        2.39       -2.52       0.006          71
      356280   355056.00  5092739.00      385.87      392.38        1.79       -3.63       0.000          73
      274251   355474.00  5092596.00      391.18      392.65        1.83       -0.80       0.211          72
      817562   355494.00  5092570.00      393.46      392.81        1.84        0.35       0.362          72
      720367   355810.00  5092480.00      394.22      393.29        1.96        0.48       0.317          73
      518077   354593.00  5092404.00      392.88      394.66        2.16       -0.82       0.205          72
      880106   354613.00  5092340.00      389.80      394.92        2.14       -2.39       0.008          72
      232349   356299.00  5092242.00      394.77      394.74        1.88        0.02       0.494          73
      129959   356413.00  5092268.00      394.95      394.48        1.87        0.25       0.400          73
      387883   355280.00  5092210.00      393.80      394.02        1.83       -0.12       0.453          72
      636261   356896.00  5092108.00      394.38      396.92        2.09       -1.22       0.112          71
      604802   356984.00  5092143.00      400.41      396.97        2.12        1.62       0.052          71
      826550   356956.00  5092055.00      393.34      397.41        2.07       -1.97       0.025          71
      631765   355773.00  5091947.00      397.73      394.76        2.05        1.45       0.074          73
      874922   354068.00  5091785.00      398.03      399.42        2.13       -0.65       0.257          73
      383823   357258.00  5091739.00      401.66      399.46        1.83        1.20       0.115          73
      743002   354322.00  5091700.00      403.86      396.98        1.94        3.54       0.000          73
      513630   357108.00  5091713.00      397.27      400.46        1.75       -1.82       0.034          73
      830187   357055.00  5091589.00      402.33      399.57        1.76        1.57       0.058          73
      871025   357269.00  5091528.00      403.61      400.27        1.77        1.89       0.029          73
      760815   357134.00  5091500.00      401.87      400.67        1.74        0.69       0.246          73
      783804   354252.00  5091329.00      400.56      399.09        1.85        0.79       0.214          73
      523839   357348.00  5091262.00      398.37      401.39        2.09       -1.45       0.074          72
      899879   354444.00  5091299.00      397.61      399.12        1.86       -0.81       0.209          73
      138196   355731.00  5091141.00      394.80      395.54        1.86       -0.40       0.345          71
      408816   355736.00  5091176.00      394.62      395.61        1.88       -0.52       0.300          71
      346790   354297.00  5091170.00      399.22      399.06        1.91        0.08       0.466          73
      741620   355306.00  5091163.00      395.08      395.18        1.88       -0.06       0.478          73
      365253   355674.00  5091161.00      394.35      395.49        1.88       -0.60       0.273          71
      216754   357429.00  5091234.00      399.86      401.31        2.18       -0.66       0.253          72
      553322   356099.00  5090755.00      393.43      395.70        1.72       -1.32       0.093          68
      211614   356079.00  5090655.00      392.67      395.82        1.70       -1.85       0.032          70
      769438   356108.00  5090698.00      393.67      396.55        1.75       -1.65       0.050          68
      579745   356108.00  5090700.00      397.09      396.55        1.75        0.31       0.378          68
      207883   356088.00  5090659.00      392.76      396.42        1.73       -2.12       0.017          69
      187440   356747.00  5090656.00      397.91      398.81        2.13       -0.42       0.337          73
      366243   356253.00  5090481.00      399.04      396.34        1.80        1.50       0.067          73
      418194   355945.00  5090333.00      393.19      396.04        1.84       -1.55       0.061          73
      279491   356308.00  5090204.00      399.86      397.61        1.78        1.26       0.103          73
      442989   354335.00  5090043.00      399.89      396.82        2.62        1.17       0.121          73
      473322   356466.00  5090007.00      401.39      398.65        2.01        1.36       0.087          72
      400993   356274.00  5090073.00      398.76      397.85        1.80        0.50       0.307          73
      866402   356502.00  5089983.00      394.59      398.67        2.08       -1.97       0.025          72
      636064   355175.00  5089923.00      394.28      396.50        1.90       -1.17       0.120          73
      571861   355324.00  5089757.00      396.54      395.62        2.09        0.44       0.330          72
      456464   355487.00  5093140.00      391.76      391.59        2.06        0.08       0.467          73
      723551   354920.00  5092828.00      392.43      390.22        1.90        1.16       0.122          73
      554407   355191.00  5092984.00      392.31      391.24        1.81        0.59       0.277          73
      526508   355242.00  5092840.00      392.28      391.19        1.70        0.64       0.261          73
      252771   355348.00  5092868.00      391.91      391.65        1.75        0.15       0.442          72
      632663   355348.00  5092868.00      391.91      391.65        1.75        0.15       0.442          72
      321894   355346.00  5092395.00      393.47      393.03        1.77        0.25       0.402          73
      855323   355071.00  5091900.00      394.08      395.32        1.79       -0.69       0.245          73
      420572   355151.00  5092012.00      396.30      394.18        1.78        1.19       0.118          73
      419971   355284.00  5092239.00      394.17      393.86        1.82        0.17       0.433          72
      433935   355141.00  5091465.00      394.84      395.79        1.92       -0.50       0.310          71
      299933   355058.00  5091518.00      395.39      395.54        1.79       -0.08       0.467          72
      546825   355167.00  5091729.00      394.99      395.22        1.81       -0.13       0.449          73
      627903   355086.00  5091418.00      394.81      395.77        1.81       -0.53       0.299          72
      703456   355890.00  5091076.00      395.87      395.24        1.77        0.35       0.361          73
      423668   356263.00  5090793.00      397.82      396.37        1.74        0.83       0.203          73
      439433   356151.00  5090747.00      396.45      395.63        1.68        0.49       0.313          69
      275847   356106.00  5090831.00      395.60      395.78        1.68       -0.11       0.457          71
      660381   355632.00  5090724.00      394.87      394.67        1.82        0.11       0.457          71
      208682   355255.00  5090828.00      395.48      395.38        1.90        0.05       0.480          73
      425165   355632.00  5090724.00      394.87      394.67        1.82        0.11       0.457          71
      350041   355769.00  5090805.00      394.87      394.70        1.74        0.10       0.461          73
      647119   356127.00  5090937.00      396.70      395.91        1.75        0.45       0.326          73
      325302   355632.00  5090724.00      394.87      394.67        1.82        0.11       0.457          71
      668144   355288.00  5090570.00      395.39      395.37        1.94        0.01       0.497          73
      684538   355846.00  5090103.00      395.60      395.76        1.95       -0.08       0.468          73
      712016   355291.00  5089848.00      395.94      395.42        1.98        0.26       0.397          72
